[2019-08-14 14:15:57] name.INFO: ----------------------Init Resizing---------------------- [] []
[2019-08-14 14:15:57] name.INFO: Set height to 215. [] []
[2019-08-14 14:15:57] name.INFO: Set width to 215. [] []
[2019-08-14 14:15:57] name.INFO: Selecting picture was null, default would be used. [] []
[2019-08-14 14:15:57] name.INFO: Used picture resized. [] []
[2019-08-14 14:15:57] name.INFO: Picture displayed. [] []
[2019-08-14 14:16:11] name.INFO: ----------------------Init Resizing---------------------- [] []
[2019-08-14 14:16:11] name.INFO: Set height to 215. [] []
[2019-08-14 14:16:11] name.INFO: Set width to 215. [] []
[2019-08-14 14:16:11] name.INFO: Selecting picture would be used. Upload done. Name of picture was Dane.jpg. [] []
[2019-08-14 14:16:11] name.INFO: Used picture resized. [] []
[2019-08-14 14:16:11] name.INFO: Picture displayed. [] []
[2019-08-14 14:39:37] name.INFO: ----------------------Init Resizing---------------------- [] []
[2019-08-14 14:39:37] name.INFO: Set height to 116. [] []
[2019-08-14 14:39:37] name.INFO: Set width to 252. [] []
[2019-08-14 14:39:37] name.INFO: Selecting picture was null, default would be used. [] []
[2019-08-14 14:39:37] name.INFO: Used picture resized. [] []
[2019-08-14 14:39:37] name.INFO: Picture displayed. [] []
[2019-08-14 14:44:35] name.INFO: ----------------------Init Resizing---------------------- [] []
[2019-08-14 14:44:35] name.INFO: Set height to 221. [] []
[2019-08-14 14:44:35] name.INFO: Set width to 294. [] []
[2019-08-14 14:44:35] name.INFO: Selecting picture was null, default would be used. [] []
[2019-08-14 14:44:35] name.INFO: Used picture resized. [] []
[2019-08-14 14:44:35] name.INFO: Picture displayed. [] []
[2019-08-14 14:44:43] name.INFO: ----------------------Init Resizing---------------------- [] []
[2019-08-14 14:44:43] name.INFO: Set height to 400. [] []
[2019-08-14 14:44:43] name.INFO: Set width to 30. [] []
[2019-08-14 14:44:43] name.INFO: Selecting picture was null, default would be used. [] []
[2019-08-14 14:44:43] name.INFO: Used picture resized. [] []
[2019-08-14 14:44:43] name.INFO: Picture displayed. [] []
